  autofit.c
  ftbase.c
  ftbbox.c
  ftbdf.c
  ftbitmap.c
  ftcid.c
  ftfstype.c
  ftgasp.c
  ftglyph.c
  ftgxval.c
  ftinit.c
  ftmm.c
  ftotval.c
  ftpatent.c
  ftpfr.c
  ftstroke.c
  ftsynth.c
  fttype1.c
  ftwinfnt.c
  bdf.c
  ftcache.c
  cff.c
  type1cid.c
  dlgwrap.c
  ftgzip.c
  ftlzw.c
  pcf.c
  pfr.c
  psaux.c
  pshinter.c
  psmodule.c
  raster.c
  sfnt.c
C:\freetype\src\psaux\t1decode.c(1996,23): warning C4267: =: преобразование из "size_t" в "FT_Int"; возможна потеря данных (компилируется исходный файл ..\..\..\src\psaux\psaux.c)
C:\freetype\src\psaux\psintrp.c(1005,25): warning C4267: =: преобразование из "size_t" в "FT_Fast"; возможна потеря данных (компилируется исходный файл ..\..\..\src\psaux\psaux.c)
  smooth.c
  sdf.c
  truetype.c
  type1.c
  type42.c
  winfnt.c
  ftdebug.c
C:\freetype\src\smooth\ftgrays.c(1978,20): warning C4267: +=: преобразование из "size_t" в "TCoord"; возможна потеря данных (компилируется исходный файл ..\..\..\src\smooth\smooth.c)
C:\freetype\src\type1\t1driver.c(276,48): warning C4267: =: преобразование из "size_t" в "FT_ULong"; возможна потеря данных (компилируется исходный файл ..\..\..\src\type1\type1.c)
C:\freetype\src\type1\t1driver.c(297,55): warning C4267: =: преобразование из "size_t" в "FT_ULong"; возможна потеря данных (компилируется исходный файл ..\..\..\src\type1\type1.c)
C:\freetype\src\type1\t1driver.c(329,62): warning C4267: =: преобразование из "size_t" в "FT_ULong"; возможна потеря данных (компилируется исходный файл ..\..\..\src\type1\type1.c)
C:\freetype\src\type1\t1driver.c(359,19): warning C4267: =: преобразование из "size_t" в "FT_UInt"; возможна потеря данных (компилируется исходный файл ..\..\..\src\type1\type1.c)
C:\freetype\src\sfnt\sfdriver.c(859,13): warning C4267: =: преобразование из "size_t" в "FT_UInt"; возможна потеря данных (компилируется исходный файл ..\..\..\src\sfnt\sfnt.c)
C:\freetype\src\type1\t1driver.c(568,56): warning C4267: =: преобразование из "size_t" в "FT_ULong"; возможна потеря данных (компилируется исходный файл ..\..\..\src\type1\type1.c)
C:\freetype\src\sfnt\sfdriver.c(1011,36): warning C4244: функция: преобразование "__int64" в "const unsigned int", возможна потеря данных (компилируется исходный файл ..\..\..\src\sfnt\sfnt.c)
C:\freetype\src\type1\t1driver.c(577,55): warning C4267: =: преобразование из "size_t" в "FT_ULong"; возможна потеря данных (компилируется исходный файл ..\..\..\src\type1\type1.c)
C:\freetype\src\type1\t1driver.c(586,58): warning C4267: =: преобразование из "size_t" в "FT_ULong"; возможна потеря данных (компилируется исходный файл ..\..\..\src\type1\type1.c)
C:\freetype\src\type1\t1driver.c(595,60): warning C4267: =: преобразование из "size_t" в "FT_ULong"; возможна потеря данных (компилируется исходный файл ..\..\..\src\type1\type1.c)
C:\freetype\src\type1\t1driver.c(605,55): warning C4267: =: преобразование из "size_t" в "FT_ULong"; возможна потеря данных (компилируется исходный файл ..\..\..\src\type1\type1.c)
  ftsystem.c
C:\freetype\src\type1\t1load.c(1771,64): warning C4244: =: преобразование "__int64" в "FT_Int", возможна потеря данных (компилируется исходный файл ..\..\..\src\type1\type1.c)
C:\freetype\src\type1\t1load.c(1941,36): warning C4244: =: преобразование "__int64" в "FT_Int", возможна потеря данных (компилируется исходный файл ..\..\..\src\type1\type1.c)
C:\freetype\src\type42\t42parse.c(851,62): warning C4244: =: преобразование "__int64" в "FT_Int", возможна потеря данных (компилируется исходный файл ..\..\..\src\type42\type42.c)
C:\freetype\src\sdf\ftsdf.c(2480): warning C4701: использована потенциально неинициализированная локальная переменная "nearest_point"
C:\freetype\src\sdf\ftsdf.c(2806): warning C4701: использована потенциально неинициализированная локальная переменная "nearest_point"
     Создается библиотека ..\..\..\objs\x64\Debug\freetype.lib и объект ..\..\..\objs\x64\Debug\freetype.exp
  freetype.vcxproj -> C:\freetype\objs\x64\Debug\freetype.dll
